<?xml version="1.0" encoding="UTF-8"?>
<!-- Generated by org.testng.reporters.JUnitReportReporter -->
<testsuite hostname="FANTA" failures="0" tests="4" name="api.test.UserTests" time="8.592" errors="0" timestamp="2023-03-27T21:05:00 IST" skipped="0">
  <testcase classname="api.test.UserTests" name="testPostUser" time="2.923"/>
  <system-out/>
  <testcase classname="api.test.UserTests" name="testGetUserByName" time="1.374"/>
  <system-out/>
  <testcase classname="api.test.UserTests" name="testUpdateUserByName" time="2.864"/>
  <system-out/>
  <testcase classname="api.test.UserTests" name="testDeleteUserByName" time="1.431"/>
  <system-out/>
</testsuite> <!-- api.test.UserTests -->
