<?xml version="1.0" encoding="UTF-8"?>
<!-- Generated by org.testng.reporters.JUnitReportReporter -->
<testsuite hostname="FANTA" failures="0" tests="4" name="api.test.UserTests" time="9.209" errors="0" timestamp="2023-04-03T21:18:39 IST" skipped="0">
  <testcase classname="api.test.UserTests" name="testPostUser" time="2.950"/>
  <system-out/>
  <testcase classname="api.test.UserTests" name="testGetUserByName" time="1.463"/>
  <system-out/>
  <testcase classname="api.test.UserTests" name="testUpdateUserByName" time="3.059"/>
  <system-out/>
  <testcase classname="api.test.UserTests" name="testDeleteUserByName" time="1.737"/>
  <system-out/>
</testsuite> <!-- api.test.UserTests -->
